yarn run v1.22.22
$ next build
▲ Next.js 16.1.6 (Turbopack)

  Creating an optimized production build ...
✓ Compiled successfully in 2.9s
  Running TypeScript ...
  Collecting page data using 9 workers ...
  Generating static pages using 9 workers (0/4) ...
  Generating static pages using 9 workers (1/4) 
  Generating static pages using 9 workers (2/4) 
  Generating static pages using 9 workers (3/4) 
✓ Generating static pages using 9 workers (4/4) in 166.3ms
  Finalizing page optimization ...

Route (app)
┌ ○ /
├ ○ /_not-found
├ ƒ /blog/[blogId]
├ ƒ /project/[projectId]
└ ○ /projects


○  (Static)   prerendered as static content
ƒ  (Dynamic)  server-rendered on demand

Done in 27.05s.
